<?xml version="1.0" encoding="UTF-8"?>
<!-- Generated by org.testng.reporters.JUnitReportReporter -->
<testsuite hostname="LAPTOP-I32LRC1M" failures="0" tests="2" name="runners.TestRunnerLoginandSignup" time="0.155" errors="2" timestamp="2026-01-14T12:53:16 IST" skipped="0">
  <testcase classname="runners.TestRunnerLoginandSignup" name="runScenario" time="0.013">
    <error message="Cannot invoke &quot;org.openqa.selenium.WebDriver.get(String)&quot; because &quot;this.driver&quot; is null" type="java.lang.NullPointerException">
      <![CDATA[java.lang.NullPointerException: Cannot invoke "org.openqa.selenium.WebDriver.get(String)" because "this.driver" is null
at stepDefinitions.LoginStepDef.i_added_url(LoginStepDef.java:56)
at ✽.I added URL 'https://automationexercise.com/'(file:///F:/Shiv-QA-Framework/QA_framework/src/test/resources/features/signup.feature:7)
]]>
    </error>
  </testcase> <!-- runScenario -->
  <testcase classname="runners.TestRunnerLoginandSignup" name="runScenario" time="0.142">
    <error message="Cannot invoke &quot;org.openqa.selenium.WebDriver.get(String)&quot; because &quot;this.driver&quot; is null" type="java.lang.NullPointerException">
      <![CDATA[java.lang.NullPointerException: Cannot invoke "org.openqa.selenium.WebDriver.get(String)" because "this.driver" is null
at stepDefinitions.LoginStepDef.i_added_url(LoginStepDef.java:56)
at ✽.I added URL 'https://automationexercise.com/'(file:///F:/Shiv-QA-Framework/QA_framework/src/test/resources/features/login.feature:7)
]]>
    </error>
  </testcase> <!-- runScenario -->
</testsuite> <!-- runners.TestRunnerLoginandSignup -->
